```catala
# Copyright Â© AÃ¯da Ibrahim and Hugo Gimbert -- LaBRI/CNRS/UniversitÃ© de Bordeaux/UniversitÃ© de Nantes
```

> Include: ../nsw_social_housie.catala_en

## Test1

```catala
declaration scope Test1:
  context my_gaming scope GamingAuthorized

scope Test1:
  definition
      my_gaming.socialHousie
  equals
    SocialHousie {
      -- socialPurposeOnly: true
      -- totalValuePrizePerSession: $200000
      -- applicationOf2007Licence: false
      -- jackpotPrizeValue: $0
      -- totalValueExpenses: $0
      -- totalInvestmentPerParticipant: $0
      -- investmentReturn: true
  }
  assertion my_gaming.authorized = false
```

```catala-test-inline
$ catala Interpret -s Test1
[ERROR]
Syntax error at token "scope"
Message: expected either 'condition', or 'content' followed by the expected variable type

Error token:
â”Œâ”€â¯ˆ examples/NSW_community_gaming/tests/test_nsw_social_housie.catala_en:11.21-11.26:
â””â”€â”€â”
11 â”‚   context my_gaming scope GamingAuthorized
   â”‚                     â€¾â€¾â€¾â€¾â€¾

Last good token:
â”Œâ”€â¯ˆ examples/NSW_community_gaming/tests/test_nsw_social_housie.catala_en:11.11-11.20:
â””â”€â”€â”
11 â”‚   context my_gaming scope GamingAuthorized
   â”‚           â€¾â€¾â€¾â€¾â€¾â€¾â€¾â€¾â€¾

ğŸ” Maybe you wanted to write "content",
or maybe "condition"
#return code 123#
```


## Test2
```catala

declaration scope Test2:
  my_gaming scope GamingAuthorized

scope Test2:
  definition
      my_gaming.socialHousie
  equals
    SocialHousie {
      -- socialPurposeOnly: true
      -- totalValuePrizePerSession: $20
      -- applicationOf2007Licence: false
      -- jackpotPrizeValue: $140
      -- totalValueExpenses: $140
      -- totalInvestmentPerParticipant: $0
      -- investmentReturn: true
  }
  assertion my_gaming.authorized
```
```catala-test-inline
$ catala Interpret -s Test2
[ERROR]
Syntax error at token "scope"
Message: expected either 'condition', or 'content' followed by the expected variable type

Error token:
â”Œâ”€â¯ˆ examples/NSW_community_gaming/tests/test_nsw_social_housie.catala_en:11.21-11.26:
â””â”€â”€â”
11 â”‚   context my_gaming scope GamingAuthorized
   â”‚                     â€¾â€¾â€¾â€¾â€¾

Last good token:
â”Œâ”€â¯ˆ examples/NSW_community_gaming/tests/test_nsw_social_housie.catala_en:11.11-11.20:
â””â”€â”€â”
11 â”‚   context my_gaming scope GamingAuthorized
   â”‚           â€¾â€¾â€¾â€¾â€¾â€¾â€¾â€¾â€¾

ğŸ” Maybe you wanted to write "content",
or maybe "condition"
#return code 123#
```


## Test3

```catala
declaration scope Test3:
  my_gaming scope GamingAuthorized

scope Test3:
  definition
      my_gaming.socialHousie
  equals
    SocialHousie {
      -- socialPurposeOnly: true
      -- totalValuePrizePerSession: $2
      -- applicationOf2007Licence: false
      -- jackpotPrizeValue: $345
      -- totalValueExpenses: $0
      -- totalInvestmentPerParticipant: $0
      -- investmentReturn: true
  }
  assertion not my_gaming.authorized
```
```catala-test-inline
$ catala Interpret -s Test3
[ERROR]
Syntax error at token "scope"
Message: expected either 'condition', or 'content' followed by the expected variable type

Error token:
â”Œâ”€â¯ˆ examples/NSW_community_gaming/tests/test_nsw_social_housie.catala_en:11.21-11.26:
â””â”€â”€â”
11 â”‚   context my_gaming scope GamingAuthorized
   â”‚                     â€¾â€¾â€¾â€¾â€¾

Last good token:
â”Œâ”€â¯ˆ examples/NSW_community_gaming/tests/test_nsw_social_housie.catala_en:11.11-11.20:
â””â”€â”€â”
11 â”‚   context my_gaming scope GamingAuthorized
   â”‚           â€¾â€¾â€¾â€¾â€¾â€¾â€¾â€¾â€¾

ğŸ” Maybe you wanted to write "content",
or maybe "condition"
#return code 123#
```


## Test4

```catala

declaration scope Test4:
  my_gaming scope GamingAuthorized

scope Test4:
  definition
      my_gaming.socialHousie
  equals
    SocialHousie {
      -- socialPurposeOnly: true
      -- totalValuePrizePerSession: $40
      -- applicationOf2007Licence: false
      -- jackpotPrizeValue: $160
      -- totalValueExpenses: $240
      -- totalInvestmentPerParticipant: $60
      -- investmentReturn: true
  }
  assertion my_gaming.authorized
```

```catala-test-inline
$ catala Interpret -s Test4
[ERROR]
Syntax error at token "scope"
Message: expected either 'condition', or 'content' followed by the expected variable type

Error token:
â”Œâ”€â¯ˆ examples/NSW_community_gaming/tests/test_nsw_social_housie.catala_en:11.21-11.26:
â””â”€â”€â”
11 â”‚   context my_gaming scope GamingAuthorized
   â”‚                     â€¾â€¾â€¾â€¾â€¾

Last good token:
â”Œâ”€â¯ˆ examples/NSW_community_gaming/tests/test_nsw_social_housie.catala_en:11.11-11.20:
â””â”€â”€â”
11 â”‚   context my_gaming scope GamingAuthorized
   â”‚           â€¾â€¾â€¾â€¾â€¾â€¾â€¾â€¾â€¾

ğŸ” Maybe you wanted to write "content",
or maybe "condition"
#return code 123#
```
