[ERROR] This exception does not have a corresponding definition
[ERROR] 
[ERROR]  --> test_exception/bad/missing_unlabeled_definition.catala_en
[ERROR]   | 
[ERROR] 7 | scope A:
[ERROR]   |        
[ERROR] 8 |   exception
[ERROR]   |   ^^^^^^^^^
[ERROR] 9 |   definition x equals 1
[ERROR]   |   ^^^^^^^^^^^^^^^^^^^^^^
[ERROR]   + Test
